At 2024-01-03 00:01:40:

function: send_message
args: (<google.generativeai.generative_models.ChatSession object at 0x0000012E22EE7E60>, 'Respond to the following prompt as valid json format that can be loaded with json.load without the word json. you should include strings in double qoutes \'"\'. The returned object should be like:\n{\'site_title\': \'good explaining title for the page\', \'site_description\': \'paragraph\', \'site_keywords\': [\'list element\', \'list element\']}\n\nThe prompt: Imagine you\'re an affiliate marketeer, you have a blog and should make a blog post comparing between: [\'Adidas\', \'Nike\']\nGenerate the following commands and give me every command again with its answer:\n1-Give me a good SEO optimized hook title for the site comparing those products, and include the names of the products if they\'re two or less, Include few products names if they\'re more than two\n2-give me a good seo optimized description for the site\n3-Give me the best practice keywords to include in this site for seo as a python list')
kwargs: {}

Returned value: {'site_title': 'Nike vs Adidas: Which Sports Brand is Right for You?', 'site_description': 'Looking for the best sportswear brand? We compare Adidas and Nike, two of the leading brands in the industry, to help you make an informed decision.', 'site_keywords': ['Adidas', 'Nike', 'sportswear', 'athletic shoes', 'apparel']}


At 2024-01-03 00:01:42:

function: send_message
args: (<google.generativeai.generative_models.ChatSession object at 0x0000012E22EE7E60>, 'Respond to the following prompt as valid json format that can be loaded with json.load without the word json. you should include strings in double qoutes \'"\'. The returned object should be like:\n{\'site_introduction\': \'paragraph\'}\n\nThe prompt: Imagine you\'re an affiliate marketeer and you do your job through a blog, for a blog post that is comparing between the products [\'Adidas\', \'Nike\'] generate a good introduction optimized for seo, and avoid including all the products names in it, the paragraph should incourage people to buy at least one of those products because they need to')
kwargs: {}

Returned value: {'site_introduction': 'In the fiercely competitive world of sportswear, two brands stand out as titans: Adidas and Nike. With their innovative designs, cutting-edge technology, and iconic brand recognition, these two giants have captured the hearts and loyalties of athletes and fashion enthusiasts alike. But when it comes to choosing between these two sportswear powerhouses, which one truly reigns supreme? In this comprehensive comparison, we delve into the unique strengths and offerings of both Adidas and Nike, helping you make an informed decision and find the perfect sportswear brand to elevate your performance and style.'}


At 2024-01-03 00:01:47:

function: send_message
args: (<google.generativeai.generative_models.ChatSession object at 0x0000012E22EE7E60>, 'Respond to the following prompt as valid json format that can be loaded with json.load without the word json. you should include strings in double qoutes \'"\'. The returned object should be like:\n{\'site_conclusion\': \'paragraph\'}\n\nThe prompt: Imagine you\'re an affiliate marketeer and you do your job through a blog, for a blog post that is comparing between the products [\'Adidas\', \'Nike\'] generate a good conclusion optimized for seo, after finishing your glorious blog post. avoid including all the products names in it. the paragraph should incourage people to choose wisely between the products mentioned, and if they felt that the content have value, then they should consider purchasing through your links')
kwargs: {}

Returned value: {'site_conclusion': 'Ultimately, the choice between Adidas and Nike comes down to your individual preferences, needs, and budget. Both brands offer exceptional sportswear and footwear that cater to a wide range of athletes and fitness enthusiasts. Consider the factors discussed in this comparison, such as design, performance, technology, and brand values, to make an informed decision. If you prioritize style and innovation, Adidas might be your perfect match. If you seek unparalleled performance and cutting-edge technology, Nike could be your ideal choice. And if you value sustainability and ethical practices, both brands have made significant strides in these areas. Whichever brand you choose, remember that investing in quality sportswear is an investment in your health, fitness, and personal style. Make your choice wisely, and if you found this comparison helpful, consider supporting us by purchasing through our affiliate links. Your purchase not only gets you the best sportswear but also helps us continue providing valuable content like this.'}


At 2024-01-03 00:01:47:

function: generate
args: ({'site_data': {'prompt': "Imagine you're an affiliate marketeer, you have a blog and should make a blog post comparing between: ${products}\nGenerate the following commands and give me every command again with its answer:\n1-Give me a good SEO optimized hook title for the site comparing those products, and include the names of the products if they're two or less, Include few products names if they're more than two\n2-give me a good seo optimized description for the site\n3-Give me the best practice keywords to include in this site for seo as a python list", 'extracted_data': ['site_title', 'site_description', 'site_keywords'], 'formats': ['good explaining title for the page', 'paragraph', ['list element', 'list element']]}, 'site_introduction': {'prompt': "Imagine you're an affiliate marketeer and you do your job through a blog, for a blog post that is comparing between the products ${products} generate a good introduction optimized for seo, and avoid including all the products names in it, the paragraph should incourage people to buy at least one of those products because they need to", 'extracted_data': ['site_introduction'], 'formats': ['paragraph']}, 'site_conclusion': {'prompt': "Imagine you're an affiliate marketeer and you do your job through a blog, for a blog post that is comparing between the products ${products} generate a good conclusion optimized for seo, after finishing your glorious blog post. avoid including all the products names in it. the paragraph should incourage people to choose wisely between the products mentioned, and if they felt that the content have value, then they should consider purchasing through your links", 'extracted_data': ['site_conclusion'], 'formats': ['paragraph']}}, <google.generativeai.generative_models.ChatSession object at 0x0000012E22EE7E60>, ['${products}'], ["['Adidas', 'Nike']"])
kwargs: {}

Returned value: {
    "site_title": "Nike vs Adidas: Which Sports Brand is Right for You?",
    "site_description": "Looking for the best sportswear brand? We compare Adidas and Nike, two of the leading brands in the industry, to help you make an informed decision.",
    "site_keywords": [
        "Adidas",
        "Nike",
        "sportswear",
        "athletic shoes",
        "apparel"
    ],
    "site_introduction": "In the fiercely competitive world of sportswear, two brands stand out as titans: Adidas and Nike. With their innovative designs, cutting-edge technology, and iconic brand recognition, these two giants have captured the hearts and loyalties of athletes and fashion enthusiasts alike. But when it comes to choosing between these two sportswear powerhouses, which one truly reigns supreme? In this comprehensive comparison, we delve into the unique strengths and offerings of both Adidas and Nike, helping you make an informed decision and find the perfect sportswear brand to elevate your performance and style.",
    "site_conclusion": "Ultimately, the choice between Adidas and Nike comes down to your individual preferences, needs, and budget. Both brands offer exceptional sportswear and footwear that cater to a wide range of athletes and fitness enthusiasts. Consider the factors discussed in this comparison, such as design, performance, technology, and brand values, to make an informed decision. If you prioritize style and innovation, Adidas might be your perfect match. If you seek unparalleled performance and cutting-edge technology, Nike could be your ideal choice. And if you value sustainability and ethical practices, both brands have made significant strides in these areas. Whichever brand you choose, remember that investing in quality sportswear is an investment in your health, fitness, and personal style. Make your choice wisely, and if you found this comparison helpful, consider supporting us by purchasing through our affiliate links. Your purchase not only gets you the best sportswear but also helps us continue providing valuable content like this."
}


At 2024-01-03 00:01:59:

function: send_message
args: (<google.generativeai.generative_models.ChatSession object at 0x0000012E22EE7E60>, 'Respond to the following prompt as valid json format that can be loaded with json.load without the word json. you should include strings in double qoutes \'"\'. The returned object should be like:\n{\'overview\': \'paragraph\'}\n\nThe prompt: Imagine you\'re an affiliate blog that compare between products, I want you to generate an overview paragraph that explain Adidas, and include a call to action at the end in the same paragraph, the paragraph should incourage people to buy the product and mention briefly why they should buy it')
kwargs: {}

Returned value: {'overview': 'Step up your athletic game with Adidas, the iconic sportswear brand renowned for its cutting-edge designs, innovative technologies, and unwavering commitment to performance. From their legendary sneakers to their stylish apparel, Adidas empowers athletes of all levels to push their limits and achieve greatness. Experience the fusion of style and functionality in every Adidas product, crafted with meticulous attention to detail and engineered to deliver superior performance. Whether you're a seasoned athlete or just starting your fitness journey, Adidas has something for everyone. Elevate your game and redefine your limits with Adidas. Shop now and unlock the champion within you.'}


An error occured at 2024-01-03 00:01:59:

function: generate
args: ({'overview': {'prompt': "Imagine you're an affiliate blog that compare between products, I want you to generate an overview paragraph that explain ${product}, and include a call to action at the end in the same paragraph, the paragraph should incourage people to buy the product and mention briefly why they should buy it", 'extracted_data': ['overview'], 'formats': ['paragraph']}, 'features': {'prompt': 'Give me a list of 5 or 4 unique features for the ${product} in a python list', 'extracted_data': ['features'], 'formats': ['list element', 'list element']}, 'UI&UX': {'prompt': 'Based on users opinions, give me a general sense about the user interface and user experience with ${product}', 'extracted_data': ['UI&UX'], 'formats': ['paragraph']}, 'details': {'prompt': "Imagine you're an affiliate blog that compare between products, I want you to generate a very detailed content about ${product}, explain what it does, write about who's ${product} is suitable for, encourage people to buy it", 'extracted_data': ['details'], 'formats': ['paragraphs']}, 'tips & tricks': {'prompt': "Imagine you're an affiliate blog that compare between products, I want you to give some tips and trick for people who are aiming to purchase ${product} in a python list", 'extracted_data': ['tips & tricks'], 'formats': ['list element', 'list element']}, 'pros & cons': {'prompt': "Imagine you are an affiliate marketeer, your have to convince people to buy the products you're marketing, your job now is generating a summary for ${product}, this summary should include pros & cons of the product, and a conclusion. You should list the pros and cons as python list, the conclusion should contain a Call to action phrase", 'extracted_data': ['pros', 'cons'], 'formats': [['list element', 'list element'], ['list element', 'list element']]}, 'conclusion': {'prompt': "Imagine you're an affiliate blog that compare between products, I want you to generate a conclusion paragraph that about ${product}, and include a call to action at the end in the same paragraph, the paragraph should incourage people to buy the product and mention briefly why they should buy it", 'extracted_data': ['conclusion'], 'formats': ['paragraph']}}, <google.generativeai.generative_models.ChatSession object at 0x0000012E22EE7E60>, ['${product}'], ['Adidas'])
kwargs: {}

Traceback (most recent call last):
  File "C:\Users\ideapad\AppData\Local\Programs\Python\Python312\Lib\site-packages\pam.py", line 478, in wrapper
    value = function(*args, **kwargs)
            ^^^^^^^^^^^^^^^^^^^^^^^^^
  File "D:\Apps\pam_web\ahmed-elbehairy7.github.io\py\ai.py", line 26, in generate
    values.update(dict(exec_prompt(chat, prompt, str(format))))
                       ^^^^^^^^^^^^^^^^^^^^^^^^^^^^^^^^^^^^^^
  File "D:\Apps\pam_web\ahmed-elbehairy7.github.io\py\ai.py", line 38, in exec_prompt
    return loads(r"""{}""".format(response.text.replace("`", "").replace("'", '"')))
           ^^^^^^^^^^^^^^^^^^^^^^^^^^^^^^^^^^^^^^^^^^^^^^^^^^^^^^^^^^^^^^^^^^^^^^^^^
  File "C:\Users\ideapad\AppData\Local\Programs\Python\Python312\Lib\json\__init__.py", line 346, in loads
    return _default_decoder.decode(s)
           ^^^^^^^^^^^^^^^^^^^^^^^^^^
  File "C:\Users\ideapad\AppData\Local\Programs\Python\Python312\Lib\json\decoder.py", line 337, in decode
    obj, end = self.raw_decode(s, idx=_w(s, 0).end())
               ^^^^^^^^^^^^^^^^^^^^^^^^^^^^^^^^^^^^^^
  File "C:\Users\ideapad\AppData\Local\Programs\Python\Python312\Lib\json\decoder.py", line 353, in raw_decode
    obj, end = self.scan_once(s, idx)
               ^^^^^^^^^^^^^^^^^^^^^^
json.decoder.JSONDecodeError: Expecting ',' delimiter: line 1 column 506 (char 505)



At 2024-01-03 00:02:07:

function: send_message
args: (<google.generativeai.generative_models.ChatSession object at 0x0000012E22EE7E60>, 'Respond to the following prompt as valid json format that can be loaded with json.load without the word json. you should include strings in double qoutes \'"\'. The returned object should be like:\n{\'overview\': \'paragraph\'}\n\nThe prompt: Imagine you\'re an affiliate blog that compare between products, I want you to generate an overview paragraph that explain Adidas, and include a call to action at the end in the same paragraph, the paragraph should incourage people to buy the product and mention briefly why they should buy it')
kwargs: {}

Returned value: {'overview': 'Unleash your athletic potential with Adidas, the global sportswear powerhouse that ignites passion and performance in athletes worldwide. Renowned for its iconic designs, cutting-edge technology, and unwavering commitment to quality, Adidas equips you with the tools to excel in any sport or fitness pursuit. Experience the perfect fusion of style and functionality in every Adidas product, meticulously crafted to elevate your game. From their legendary sneakers to their innovative apparel, Adidas empowers you to push your limits and achieve greatness. Join the millions of athletes who trust Adidas to enhance their performance and unlock their true athletic potential. Shop now and unlock the champion within you.'}


At 2024-01-03 00:02:10:

function: send_message
args: (<google.generativeai.generative_models.ChatSession object at 0x0000012E22EE7E60>, 'Respond to the following prompt as valid json format that can be loaded with json.load without the word json. you should include strings in double qoutes \'"\'. The returned object should be like:\n{\'features\': \'list element\'}\n\nThe prompt: Give me a list of 5 or 4 unique features for the Adidas in a python list')
kwargs: {}

Returned value: {'features': ['Iconicのデザイン: アディダスは、スリーストライプスやトレフォイルロゴなど、瞬時にそれとわかるアイコニックなデザインで知られています。', '最先端のテクノロジー: アディダスは、ブースト、プライムニット、コンチネンタルなどの最先端のテクノロジーを開発し、パフォーマンスと快適性を向上させてきました。', '幅広い製品展開: アディダスは、スニーカー、アパレル、アクセサリーまで、幅広い製品を展開しています。これにより、あらゆるアスリートやスポーツ愛好家に対応することができます。', 'サステナビリティへの取り組み: アディダスは、サステナビリティにも注力しています。リサイクル素材を使用した製品を開発したり、生産工程での環境負荷を削減する取り組みを行っています。']}


At 2024-01-03 00:02:15:

function: send_message
args: (<google.generativeai.generative_models.ChatSession object at 0x0000012E22EE7E60>, 'Respond to the following prompt as valid json format that can be loaded with json.load without the word json. you should include strings in double qoutes \'"\'. The returned object should be like:\n{\'UI&UX\': \'paragraph\'}\n\nThe prompt: Based on users opinions, give me a general sense about the user interface and user experience with Adidas')
kwargs: {}

Returned value: {'UI&UX': 'Adidas consistently receives positive feedback from users regarding its user interface and user experience. Here's a general sense based on user opinions:\n\n- **Intuitive Interface:** Adidas's website and app are known for their user-friendly and intuitive interface. Users can easily navigate through different product categories, find specific items, and complete their purchases seamlessly.\n\n- **Engaging Product Pages:** Product pages on Adidas's website and app are visually appealing and informative. High-quality images, detailed descriptions, and user reviews help users make informed purchasing decisions.\n\n- **Personalized Recommendations:** Adidas utilizes user data to provide personalized product recommendations. This enhances the shopping experience by presenting users with products that align with their preferences and interests.\n\n- **Simplified Checkout Process:** The checkout process on Adidas's website and app is streamlined and secure. Users appreciate the multiple payment options and the ability to track their orders easily.\n\n- **Mobile App:** Adidas's mobile app offers a convenient and feature-rich shopping experience. Users can browse products, make purchases, and manage their accounts on the go.\n\nOverall, users find Adidas's user interface and user experience to be positive, contributing to a seamless and enjoyable shopping journey.'}


An error occured at 2024-01-03 00:02:15:

function: generate
args: ({'overview': {'prompt': "Imagine you're an affiliate blog that compare between products, I want you to generate an overview paragraph that explain ${product}, and include a call to action at the end in the same paragraph, the paragraph should incourage people to buy the product and mention briefly why they should buy it", 'extracted_data': ['overview'], 'formats': ['paragraph']}, 'features': {'prompt': 'Give me a list of 5 or 4 unique features for the ${product} in a python list', 'extracted_data': ['features'], 'formats': ['list element', 'list element']}, 'UI&UX': {'prompt': 'Based on users opinions, give me a general sense about the user interface and user experience with ${product}', 'extracted_data': ['UI&UX'], 'formats': ['paragraph']}, 'details': {'prompt': "Imagine you're an affiliate blog that compare between products, I want you to generate a very detailed content about ${product}, explain what it does, write about who's ${product} is suitable for, encourage people to buy it", 'extracted_data': ['details'], 'formats': ['paragraphs']}, 'tips & tricks': {'prompt': "Imagine you're an affiliate blog that compare between products, I want you to give some tips and trick for people who are aiming to purchase ${product} in a python list", 'extracted_data': ['tips & tricks'], 'formats': ['list element', 'list element']}, 'pros & cons': {'prompt': "Imagine you are an affiliate marketeer, your have to convince people to buy the products you're marketing, your job now is generating a summary for ${product}, this summary should include pros & cons of the product, and a conclusion. You should list the pros and cons as python list, the conclusion should contain a Call to action phrase", 'extracted_data': ['pros', 'cons'], 'formats': [['list element', 'list element'], ['list element', 'list element']]}, 'conclusion': {'prompt': "Imagine you're an affiliate blog that compare between products, I want you to generate a conclusion paragraph that about ${product}, and include a call to action at the end in the same paragraph, the paragraph should incourage people to buy the product and mention briefly why they should buy it", 'extracted_data': ['conclusion'], 'formats': ['paragraph']}}, <google.generativeai.generative_models.ChatSession object at 0x0000012E22EE7E60>, ['${product}'], ['Adidas'])
kwargs: {}

Traceback (most recent call last):
  File "C:\Users\ideapad\AppData\Local\Programs\Python\Python312\Lib\site-packages\pam.py", line 478, in wrapper
    value = function(*args, **kwargs)
            ^^^^^^^^^^^^^^^^^^^^^^^^^
  File "D:\Apps\pam_web\ahmed-elbehairy7.github.io\py\ai.py", line 26, in generate
    values.update(dict(exec_prompt(chat, prompt, str(format))))
                       ^^^^^^^^^^^^^^^^^^^^^^^^^^^^^^^^^^^^^^
  File "D:\Apps\pam_web\ahmed-elbehairy7.github.io\py\ai.py", line 38, in exec_prompt
    return loads(r"""{}""".format(response.text.replace("`", "").replace("'", '"')))
           ^^^^^^^^^^^^^^^^^^^^^^^^^^^^^^^^^^^^^^^^^^^^^^^^^^^^^^^^^^^^^^^^^^^^^^^^^
  File "C:\Users\ideapad\AppData\Local\Programs\Python\Python312\Lib\json\__init__.py", line 346, in loads
    return _default_decoder.decode(s)
           ^^^^^^^^^^^^^^^^^^^^^^^^^^
  File "C:\Users\ideapad\AppData\Local\Programs\Python\Python312\Lib\json\decoder.py", line 337, in decode
    obj, end = self.raw_decode(s, idx=_w(s, 0).end())
               ^^^^^^^^^^^^^^^^^^^^^^^^^^^^^^^^^^^^^^
  File "C:\Users\ideapad\AppData\Local\Programs\Python\Python312\Lib\json\decoder.py", line 353, in raw_decode
    obj, end = self.scan_once(s, idx)
               ^^^^^^^^^^^^^^^^^^^^^^
json.decoder.JSONDecodeError: Expecting ',' delimiter: line 1 column 125 (char 124)



At 2024-01-03 00:02:23:

function: send_message
args: (<google.generativeai.generative_models.ChatSession object at 0x0000012E22EE7E60>, 'Respond to the following prompt as valid json format that can be loaded with json.load without the word json. you should include strings in double qoutes \'"\'. The returned object should be like:\n{\'overview\': \'paragraph\'}\n\nThe prompt: Imagine you\'re an affiliate blog that compare between products, I want you to generate an overview paragraph that explain Adidas, and include a call to action at the end in the same paragraph, the paragraph should incourage people to buy the product and mention briefly why they should buy it')
kwargs: {}

Returned value: {'overview': 'Step into the world of athletic excellence with Adidas, a sportswear giant that embodies innovation, performance, and style. Experience the fusion of cutting-edge technology and iconic designs in every Adidas product. From their legendary sneakers to their performance-driven apparel, Adidas empowers athletes of all levels to push their limits and achieve greatness. Whether you're a seasoned runner, a fitness enthusiast, or a fashion-forward individual, Adidas has something for everyone. Elevate your game and unlock your true potential with Adidas. Shop now and embark on a journey of athletic excellence.'}


An error occured at 2024-01-03 00:02:23:

function: generate
args: ({'overview': {'prompt': "Imagine you're an affiliate blog that compare between products, I want you to generate an overview paragraph that explain ${product}, and include a call to action at the end in the same paragraph, the paragraph should incourage people to buy the product and mention briefly why they should buy it", 'extracted_data': ['overview'], 'formats': ['paragraph']}, 'features': {'prompt': 'Give me a list of 5 or 4 unique features for the ${product} in a python list', 'extracted_data': ['features'], 'formats': ['list element', 'list element']}, 'UI&UX': {'prompt': 'Based on users opinions, give me a general sense about the user interface and user experience with ${product}', 'extracted_data': ['UI&UX'], 'formats': ['paragraph']}, 'details': {'prompt': "Imagine you're an affiliate blog that compare between products, I want you to generate a very detailed content about ${product}, explain what it does, write about who's ${product} is suitable for, encourage people to buy it", 'extracted_data': ['details'], 'formats': ['paragraphs']}, 'tips & tricks': {'prompt': "Imagine you're an affiliate blog that compare between products, I want you to give some tips and trick for people who are aiming to purchase ${product} in a python list", 'extracted_data': ['tips & tricks'], 'formats': ['list element', 'list element']}, 'pros & cons': {'prompt': "Imagine you are an affiliate marketeer, your have to convince people to buy the products you're marketing, your job now is generating a summary for ${product}, this summary should include pros & cons of the product, and a conclusion. You should list the pros and cons as python list, the conclusion should contain a Call to action phrase", 'extracted_data': ['pros', 'cons'], 'formats': [['list element', 'list element'], ['list element', 'list element']]}, 'conclusion': {'prompt': "Imagine you're an affiliate blog that compare between products, I want you to generate a conclusion paragraph that about ${product}, and include a call to action at the end in the same paragraph, the paragraph should incourage people to buy the product and mention briefly why they should buy it", 'extracted_data': ['conclusion'], 'formats': ['paragraph']}}, <google.generativeai.generative_models.ChatSession object at 0x0000012E22EE7E60>, ['${product}'], ['Adidas'])
kwargs: {}

Traceback (most recent call last):
  File "C:\Users\ideapad\AppData\Local\Programs\Python\Python312\Lib\site-packages\pam.py", line 478, in wrapper
    value = function(*args, **kwargs)
            ^^^^^^^^^^^^^^^^^^^^^^^^^
  File "D:\Apps\pam_web\ahmed-elbehairy7.github.io\py\ai.py", line 26, in generate
    values.update(dict(exec_prompt(chat, prompt, str(format))))
                       ^^^^^^^^^^^^^^^^^^^^^^^^^^^^^^^^^^^^^^
  File "D:\Apps\pam_web\ahmed-elbehairy7.github.io\py\ai.py", line 38, in exec_prompt
    return loads(r"""{}""".format(response.text.replace("`", "").replace("'", '"')))
           ^^^^^^^^^^^^^^^^^^^^^^^^^^^^^^^^^^^^^^^^^^^^^^^^^^^^^^^^^^^^^^^^^^^^^^^^^
  File "C:\Users\ideapad\AppData\Local\Programs\Python\Python312\Lib\json\__init__.py", line 346, in loads
    return _default_decoder.decode(s)
           ^^^^^^^^^^^^^^^^^^^^^^^^^^
  File "C:\Users\ideapad\AppData\Local\Programs\Python\Python312\Lib\json\decoder.py", line 337, in decode
    obj, end = self.raw_decode(s, idx=_w(s, 0).end())
               ^^^^^^^^^^^^^^^^^^^^^^^^^^^^^^^^^^^^^^
  File "C:\Users\ideapad\AppData\Local\Programs\Python\Python312\Lib\json\decoder.py", line 353, in raw_decode
    obj, end = self.scan_once(s, idx)
               ^^^^^^^^^^^^^^^^^^^^^^
json.decoder.JSONDecodeError: Expecting ',' delimiter: line 1 column 395 (char 394)



At 2024-01-03 00:02:31:

function: send_message
args: (<google.generativeai.generative_models.ChatSession object at 0x0000012E22EE7E60>, 'Respond to the following prompt as valid json format that can be loaded with json.load without the word json. you should include strings in double qoutes \'"\'. The returned object should be like:\n{\'overview\': \'paragraph\'}\n\nThe prompt: Imagine you\'re an affiliate blog that compare between products, I want you to generate an overview paragraph that explain Adidas, and include a call to action at the end in the same paragraph, the paragraph should incourage people to buy the product and mention briefly why they should buy it')
kwargs: {}

Returned value: {'overview': 'Unleash your inner athlete and embrace the world of Adidas, where innovation meets style. Experience the fusion of cutting-edge technology and iconic designs in every Adidas product. From their legendary sneakers to their performance-driven apparel, Adidas empowers athletes of all levels to push their limits and achieve greatness. Whether you're a seasoned runner, a fitness enthusiast, or a fashion-forward individual, Adidas has something for everyone. Elevate your game and unlock your true potential with Adidas. Shop now and embark on a journey of athletic excellence.'}


An error occured at 2024-01-03 00:02:31:

function: generate
args: ({'overview': {'prompt': "Imagine you're an affiliate blog that compare between products, I want you to generate an overview paragraph that explain ${product}, and include a call to action at the end in the same paragraph, the paragraph should incourage people to buy the product and mention briefly why they should buy it", 'extracted_data': ['overview'], 'formats': ['paragraph']}, 'features': {'prompt': 'Give me a list of 5 or 4 unique features for the ${product} in a python list', 'extracted_data': ['features'], 'formats': ['list element', 'list element']}, 'UI&UX': {'prompt': 'Based on users opinions, give me a general sense about the user interface and user experience with ${product}', 'extracted_data': ['UI&UX'], 'formats': ['paragraph']}, 'details': {'prompt': "Imagine you're an affiliate blog that compare between products, I want you to generate a very detailed content about ${product}, explain what it does, write about who's ${product} is suitable for, encourage people to buy it", 'extracted_data': ['details'], 'formats': ['paragraphs']}, 'tips & tricks': {'prompt': "Imagine you're an affiliate blog that compare between products, I want you to give some tips and trick for people who are aiming to purchase ${product} in a python list", 'extracted_data': ['tips & tricks'], 'formats': ['list element', 'list element']}, 'pros & cons': {'prompt': "Imagine you are an affiliate marketeer, your have to convince people to buy the products you're marketing, your job now is generating a summary for ${product}, this summary should include pros & cons of the product, and a conclusion. You should list the pros and cons as python list, the conclusion should contain a Call to action phrase", 'extracted_data': ['pros', 'cons'], 'formats': [['list element', 'list element'], ['list element', 'list element']]}, 'conclusion': {'prompt': "Imagine you're an affiliate blog that compare between products, I want you to generate a conclusion paragraph that about ${product}, and include a call to action at the end in the same paragraph, the paragraph should incourage people to buy the product and mention briefly why they should buy it", 'extracted_data': ['conclusion'], 'formats': ['paragraph']}}, <google.generativeai.generative_models.ChatSession object at 0x0000012E22EE7E60>, ['${product}'], ['Adidas'])
kwargs: {}

Traceback (most recent call last):
  File "C:\Users\ideapad\AppData\Local\Programs\Python\Python312\Lib\site-packages\pam.py", line 478, in wrapper
    value = function(*args, **kwargs)
            ^^^^^^^^^^^^^^^^^^^^^^^^^
  File "D:\Apps\pam_web\ahmed-elbehairy7.github.io\py\ai.py", line 26, in generate
    values.update(dict(exec_prompt(chat, prompt, str(format))))
                       ^^^^^^^^^^^^^^^^^^^^^^^^^^^^^^^^^^^^^^
  File "D:\Apps\pam_web\ahmed-elbehairy7.github.io\py\ai.py", line 38, in exec_prompt
    return loads(r"""{}""".format(response.text.replace("`", "").replace("'", '"')))
           ^^^^^^^^^^^^^^^^^^^^^^^^^^^^^^^^^^^^^^^^^^^^^^^^^^^^^^^^^^^^^^^^^^^^^^^^^
  File "C:\Users\ideapad\AppData\Local\Programs\Python\Python312\Lib\json\__init__.py", line 346, in loads
    return _default_decoder.decode(s)
           ^^^^^^^^^^^^^^^^^^^^^^^^^^
  File "C:\Users\ideapad\AppData\Local\Programs\Python\Python312\Lib\json\decoder.py", line 337, in decode
    obj, end = self.raw_decode(s, idx=_w(s, 0).end())
               ^^^^^^^^^^^^^^^^^^^^^^^^^^^^^^^^^^^^^^
  File "C:\Users\ideapad\AppData\Local\Programs\Python\Python312\Lib\json\decoder.py", line 353, in raw_decode
    obj, end = self.scan_once(s, idx)
               ^^^^^^^^^^^^^^^^^^^^^^
json.decoder.JSONDecodeError: Expecting ',' delimiter: line 1 column 360 (char 359)



At 2024-01-03 00:06:12:

function: send_message
args: (<google.generativeai.generative_models.ChatSession object at 0x000001E881187BC0>, 'Respond to the following prompt as valid json format that can be loaded with json.load without the word json. you should include strings in double qoutes \'"\'. The returned object should be like:\n{\'site_title\': \'good explaining title for the page\', \'site_description\': \'paragraph\', \'site_keywords\': [\'list element\', \'list element\']}\n\nThe prompt: Imagine you\'re an affiliate marketeer, you have a blog and should make a blog post comparing between: [\'Adidas\', \'Nike\']\nGenerate the following commands and give me every command again with its answer:\n1-Give me a good SEO optimized hook title for the site comparing those products, and include the names of the products if they\'re two or less, Include few products names if they\'re more than two\n2-give me a good seo optimized description for the site\n3-Give me the best practice keywords to include in this site for seo as a python list')
kwargs: {}

Returned value: {
 "site_title": "Unraveling the Giants: Adidas vs. Nike: The Epic Battle of Athletic Footwear",
 "site_description": "In the fierce realm of athletic footwear, two titans reign supreme: Adidas and Nike. Both brands have captivated the hearts of athletes and fashion enthusiasts alike with their innovative designs, cutting-edge technology, and iconic status. Embark on a journey as we delve into the captivating rivalry between these two industry giants, dissecting their distinct features, exploring their rich histories, and ultimately determining which brand emerges as the victor in this epic showdown.",
 "site_keywords": [
  "Adidas",
  "Nike",
  "Athletic Footwear",
  "Sportswear",
  "Sneakers",
  "Fashion",
  "Innovation",
  "Technology",
  "Rivalry",
  "History",
  "Footwear Comparison"
 ]
}


At 2024-01-03 00:06:12:

function: exec_prompt
args: (<google.generativeai.generative_models.ChatSession object at 0x000001E881187BC0>, "Imagine you're an affiliate marketeer, you have a blog and should make a blog post comparing between: ['Adidas', 'Nike']\nGenerate the following commands and give me every command again with its answer:\n1-Give me a good SEO optimized hook title for the site comparing those products, and include the names of the products if they're two or less, Include few products names if they're more than two\n2-give me a good seo optimized description for the site\n3-Give me the best practice keywords to include in this site for seo as a python list", {'site_title': 'good explaining title for the page', 'site_description': 'paragraph', 'site_keywords': ['list element', 'list element']})
kwargs: {}

Returned value: {
    "site_title": "Unraveling the Giants: Adidas vs. Nike: The Epic Battle of Athletic Footwear",
    "site_description": "In the fierce realm of athletic footwear, two titans reign supreme: Adidas and Nike. Both brands have captivated the hearts of athletes and fashion enthusiasts alike with their innovative designs, cutting-edge technology, and iconic status. Embark on a journey as we delve into the captivating rivalry between these two industry giants, dissecting their distinct features, exploring their rich histories, and ultimately determining which brand emerges as the victor in this epic showdown.",
    "site_keywords": [
        "Adidas",
        "Nike",
        "Athletic Footwear",
        "Sportswear",
        "Sneakers",
        "Fashion",
        "Innovation",
        "Technology",
        "Rivalry",
        "History",
        "Footwear Comparison"
    ]
}


At 2024-01-03 00:06:28:

function: send_message
args: (<google.generativeai.generative_models.ChatSession object at 0x000001E881187BC0>, 'Respond to the following prompt as valid json format that can be loaded with json.load without the word json. you should include strings in double qoutes \'"\'. The returned object should be like:\n{\'site_introduction\': \'paragraph\'}\n\nThe prompt: Imagine you\'re an affiliate marketeer and you do your job through a blog, for a blog post that is comparing between the products [\'Adidas\', \'Nike\'] generate a good introduction optimized for seo, and avoid including all the products names in it, the paragraph should incourage people to buy at least one of those products because they need to')
kwargs: {}

Returned value: {
 "site_introduction": "In the realm of athletic footwear, a fierce battle rages between two titans: Adidas and Nike. These iconic brands have captivated athletes and fashion enthusiasts alike with their innovative designs, cutting-edge technology, and unwavering commitment to excellence. As you embark on this captivating journey, you'll discover the distinct features that set these brands apart, delve into their rich histories, and ultimately determine which one emerges victorious. Whether you're a seasoned athlete seeking peak performance or a fashion-forward individual craving the latest trends, this comprehensive guide will provide you with the insights you need to make an informed decision and elevate your footwear game to new heights."
}


An error occured at 2024-01-03 00:06:28:

function: exec_prompt
args: (<google.generativeai.generative_models.ChatSession object at 0x000001E881187BC0>, "Imagine you're an affiliate marketeer and you do your job through a blog, for a blog post that is comparing between the products ['Adidas', 'Nike'] generate a good introduction optimized for seo, and avoid including all the products names in it, the paragraph should incourage people to buy at least one of those products because they need to", {'site_introduction': 'paragraph'})
kwargs: {}

Traceback (most recent call last):
  File "C:\Users\ideapad\AppData\Local\Programs\Python\Python312\Lib\site-packages\pam.py", line 478, in wrapper
    value = function(*args, **kwargs)
            ^^^^^^^^^^^^^^^^^^^^^^^^^
  File "D:\Apps\pam_web\ahmed-elbehairy7.github.io\py\ai.py", line 40, in exec_prompt
    return loads(r"""{}""".format(response.text.replace("`", "").replace("'", '"')))
           ^^^^^^^^^^^^^^^^^^^^^^^^^^^^^^^^^^^^^^^^^^^^^^^^^^^^^^^^^^^^^^^^^^^^^^^^^
  File "C:\Users\ideapad\AppData\Local\Programs\Python\Python312\Lib\json\__init__.py", line 346, in loads
    return _default_decoder.decode(s)
           ^^^^^^^^^^^^^^^^^^^^^^^^^^
  File "C:\Users\ideapad\AppData\Local\Programs\Python\Python312\Lib\json\decoder.py", line 337, in decode
    obj, end = self.raw_decode(s, idx=_w(s, 0).end())
               ^^^^^^^^^^^^^^^^^^^^^^^^^^^^^^^^^^^^^^
  File "C:\Users\ideapad\AppData\Local\Programs\Python\Python312\Lib\json\decoder.py", line 353, in raw_decode
    obj, end = self.scan_once(s, idx)
               ^^^^^^^^^^^^^^^^^^^^^^
json.decoder.JSONDecodeError: Expecting ',' delimiter: line 2 column 337 (char 338)



At 2024-01-03 00:06:36:

function: send_message
args: (<google.generativeai.generative_models.ChatSession object at 0x000001E881187BC0>, 'Respond to the following prompt as valid json format that can be loaded with json.load without the word json. you should include strings in double qoutes \'"\'. The returned object should be like:\n{\'site_introduction\': \'paragraph\'}\n\nThe prompt: Imagine you\'re an affiliate marketeer and you do your job through a blog, for a blog post that is comparing between the products [\'Adidas\', \'Nike\'] generate a good introduction optimized for seo, and avoid including all the products names in it, the paragraph should incourage people to buy at least one of those products because they need to')
kwargs: {}

Returned value: {
 "site_introduction": "In the competitive landscape of athletic footwear, two brands stand tall, captivating athletes and fashion enthusiasts worldwide: Adidas and Nike. Renowned for their innovative designs, cutting-edge technology, and unwavering commitment to excellence, these footwear giants have revolutionized the industry. As you embark on this enlightening journey, you'll uncover the distinct features that set them apart, delve into their rich histories, and ultimately determine which brand emerges victorious. Gear up for an in-depth exploration that will equip you with the knowledge to make an informed decision, ensuring you select the perfect footwear to elevate your performance and style."
}


An error occured at 2024-01-03 00:06:36:

function: exec_prompt
args: (<google.generativeai.generative_models.ChatSession object at 0x000001E881187BC0>, "Imagine you're an affiliate marketeer and you do your job through a blog, for a blog post that is comparing between the products ['Adidas', 'Nike'] generate a good introduction optimized for seo, and avoid including all the products names in it, the paragraph should incourage people to buy at least one of those products because they need to", {'site_introduction': 'paragraph'})
kwargs: {}

Traceback (most recent call last):
  File "C:\Users\ideapad\AppData\Local\Programs\Python\Python312\Lib\site-packages\pam.py", line 478, in wrapper
    value = function(*args, **kwargs)
            ^^^^^^^^^^^^^^^^^^^^^^^^^
  File "D:\Apps\pam_web\ahmed-elbehairy7.github.io\py\ai.py", line 40, in exec_prompt
    return loads(r"""{}""".format(response.text.replace("`", "").replace("'", '"')))
           ^^^^^^^^^^^^^^^^^^^^^^^^^^^^^^^^^^^^^^^^^^^^^^^^^^^^^^^^^^^^^^^^^^^^^^^^^
  File "C:\Users\ideapad\AppData\Local\Programs\Python\Python312\Lib\json\__init__.py", line 346, in loads
    return _default_decoder.decode(s)
           ^^^^^^^^^^^^^^^^^^^^^^^^^^
  File "C:\Users\ideapad\AppData\Local\Programs\Python\Python312\Lib\json\decoder.py", line 337, in decode
    obj, end = self.raw_decode(s, idx=_w(s, 0).end())
               ^^^^^^^^^^^^^^^^^^^^^^^^^^^^^^^^^^^^^^
  File "C:\Users\ideapad\AppData\Local\Programs\Python\Python312\Lib\json\decoder.py", line 353, in raw_decode
    obj, end = self.scan_once(s, idx)
               ^^^^^^^^^^^^^^^^^^^^^^
json.decoder.JSONDecodeError: Expecting ',' delimiter: line 2 column 380 (char 381)



At 2024-01-03 00:06:44:

function: send_message
args: (<google.generativeai.generative_models.ChatSession object at 0x000001E881187BC0>, 'Respond to the following prompt as valid json format that can be loaded with json.load without the word json. you should include strings in double qoutes \'"\'. The returned object should be like:\n{\'site_introduction\': \'paragraph\'}\n\nThe prompt: Imagine you\'re an affiliate marketeer and you do your job through a blog, for a blog post that is comparing between the products [\'Adidas\', \'Nike\'] generate a good introduction optimized for seo, and avoid including all the products names in it, the paragraph should incourage people to buy at least one of those products because they need to')
kwargs: {}

Returned value: {
 "site_introduction": "In the realm of athletic footwear, a captivating rivalry unfolds between two industry titans: Brand A and Brand B. These iconic brands have redefined the boundaries of innovation, technology, and style, captivating athletes and fashion enthusiasts alike. Embark on an enlightening journey as we delve into the distinct features that set these brands apart, tracing their rich histories and ultimately determining which one emerges victorious. Discover how their unwavering commitment to excellence translates into footwear that not only enhances performance but also elevates your everyday style. Prepare to be captivated as we unveil the secrets behind these footwear giants and guide you towards making an informed decision that will redefine your footwear experience."
}


At 2024-01-03 00:06:44:

function: exec_prompt
args: (<google.generativeai.generative_models.ChatSession object at 0x000001E881187BC0>, "Imagine you're an affiliate marketeer and you do your job through a blog, for a blog post that is comparing between the products ['Adidas', 'Nike'] generate a good introduction optimized for seo, and avoid including all the products names in it, the paragraph should incourage people to buy at least one of those products because they need to", {'site_introduction': 'paragraph'})
kwargs: {}

Returned value: {
    "site_introduction": "In the realm of athletic footwear, a captivating rivalry unfolds between two industry titans: Brand A and Brand B. These iconic brands have redefined the boundaries of innovation, technology, and style, captivating athletes and fashion enthusiasts alike. Embark on an enlightening journey as we delve into the distinct features that set these brands apart, tracing their rich histories and ultimately determining which one emerges victorious. Discover how their unwavering commitment to excellence translates into footwear that not only enhances performance but also elevates your everyday style. Prepare to be captivated as we unveil the secrets behind these footwear giants and guide you towards making an informed decision that will redefine your footwear experience."
}


At 2024-01-03 00:07:01:

function: send_message
args: (<google.generativeai.generative_models.ChatSession object at 0x000001E881187BC0>, 'Respond to the following prompt as valid json format that can be loaded with json.load without the word json. you should include strings in double qoutes \'"\'. The returned object should be like:\n{\'site_conclusion\': \'paragraph\'}\n\nThe prompt: Imagine you\'re an affiliate marketeer and you do your job through a blog, for a blog post that is comparing between the products [\'Adidas\', \'Nike\'] generate a good conclusion optimized for seo, after finishing your glorious blog post. avoid including all the products names in it. the paragraph should incourage people to choose wisely between the products mentioned, and if they felt that the content have value, then they should consider purchasing through your links')
kwargs: {}

Returned value: {
 "site_conclusion": "As you reach the culmination of this captivating journey, it's time to make a choice that will elevate your footwear experience to new heights. Whether you seek unparalleled performance, unwavering style, or a harmonious blend of both, the decision lies in your hands. Consider the distinct features, rich histories, and unwavering commitment to excellence that define Brand A and Brand B. Reflect on the expert insights and comprehensive comparisons presented throughout this guide, ensuring you make an informed decision that aligns with your unique needs and aspirations. Should you find value in the knowledge and guidance provided, consider supporting our efforts by making your purchase through the affiliate links embedded within this content. Your patronage allows us to continue delivering valuable insights and comparisons, empowering you to make confident choices in the ever-evolving world of athletic footwear."
}


An error occured at 2024-01-03 00:07:01:

function: exec_prompt
args: (<google.generativeai.generative_models.ChatSession object at 0x000001E881187BC0>, "Imagine you're an affiliate marketeer and you do your job through a blog, for a blog post that is comparing between the products ['Adidas', 'Nike'] generate a good conclusion optimized for seo, after finishing your glorious blog post. avoid including all the products names in it. the paragraph should incourage people to choose wisely between the products mentioned, and if they felt that the content have value, then they should consider purchasing through your links", {'site_conclusion': 'paragraph'})
kwargs: {}

Traceback (most recent call last):
  File "C:\Users\ideapad\AppData\Local\Programs\Python\Python312\Lib\site-packages\pam.py", line 478, in wrapper
    value = function(*args, **kwargs)
            ^^^^^^^^^^^^^^^^^^^^^^^^^
  File "D:\Apps\pam_web\ahmed-elbehairy7.github.io\py\ai.py", line 40, in exec_prompt
    return loads(r"""{}""".format(response.text.replace("`", "").replace("'", '"')))
           ^^^^^^^^^^^^^^^^^^^^^^^^^^^^^^^^^^^^^^^^^^^^^^^^^^^^^^^^^^^^^^^^^^^^^^^^^
  File "C:\Users\ideapad\AppData\Local\Programs\Python\Python312\Lib\json\__init__.py", line 346, in loads
    return _default_decoder.decode(s)
           ^^^^^^^^^^^^^^^^^^^^^^^^^^
  File "C:\Users\ideapad\AppData\Local\Programs\Python\Python312\Lib\json\decoder.py", line 337, in decode
    obj, end = self.raw_decode(s, idx=_w(s, 0).end())
               ^^^^^^^^^^^^^^^^^^^^^^^^^^^^^^^^^^^^^^
  File "C:\Users\ideapad\AppData\Local\Programs\Python\Python312\Lib\json\decoder.py", line 353, in raw_decode
    obj, end = self.scan_once(s, idx)
               ^^^^^^^^^^^^^^^^^^^^^^
json.decoder.JSONDecodeError: Expecting ',' delimiter: line 2 column 83 (char 84)



An error occured at 2024-01-03 00:07:09:

function: send_message
args: (<google.generativeai.generative_models.ChatSession object at 0x000001E881187BC0>, 'Respond to the following prompt as valid json format that can be loaded with json.load without the word json. you should include strings in double qoutes \'"\'. The returned object should be like:\n{\'site_conclusion\': \'paragraph\'}\n\nThe prompt: Imagine you\'re an affiliate marketeer and you do your job through a blog, for a blog post that is comparing between the products [\'Adidas\', \'Nike\'] generate a good conclusion optimized for seo, after finishing your glorious blog post. avoid including all the products names in it. the paragraph should incourage people to choose wisely between the products mentioned, and if they felt that the content have value, then they should consider purchasing through your links')
kwargs: {}

Traceback (most recent call last):
  File "C:\Users\ideapad\AppData\Local\Programs\Python\Python312\Lib\site-packages\pam.py", line 478, in wrapper
    value = function(*args, **kwargs)
            ^^^^^^^^^^^^^^^^^^^^^^^^^
  File "C:\Users\ideapad\AppData\Local\Programs\Python\Python312\Lib\site-packages\google\generativeai\generative_models.py", line 367, in send_message
    response = self.model.generate_content(
               ^^^^^^^^^^^^^^^^^^^^^^^^^^^^
  File "C:\Users\ideapad\AppData\Local\Programs\Python\Python312\Lib\site-packages\google\generativeai\generative_models.py", line 248, in generate_content
    response = self._client.generate_content(request)
               ^^^^^^^^^^^^^^^^^^^^^^^^^^^^^^^^^^^^^^
  File "C:\Users\ideapad\AppData\Local\Programs\Python\Python312\Lib\site-packages\google\ai\generativelanguage_v1beta\services\generative_service\client.py", line 566, in generate_content
    response = rpc(
               ^^^^
  File "C:\Users\ideapad\AppData\Local\Programs\Python\Python312\Lib\site-packages\google\api_core\gapic_v1\method.py", line 131, in __call__
    return wrapped_func(*args, **kwargs)
           ^^^^^^^^^^^^^^^^^^^^^^^^^^^^^
  File "C:\Users\ideapad\AppData\Local\Programs\Python\Python312\Lib\site-packages\google\api_core\retry.py", line 372, in retry_wrapped_func
    return retry_target(
           ^^^^^^^^^^^^^
  File "C:\Users\ideapad\AppData\Local\Programs\Python\Python312\Lib\site-packages\google\api_core\retry.py", line 207, in retry_target
    result = target()
             ^^^^^^^^
  File "C:\Users\ideapad\AppData\Local\Programs\Python\Python312\Lib\site-packages\google\api_core\timeout.py", line 120, in func_with_timeout
    return func(*args, **kwargs)
           ^^^^^^^^^^^^^^^^^^^^^
  File "C:\Users\ideapad\AppData\Local\Programs\Python\Python312\Lib\site-packages\google\api_core\grpc_helpers.py", line 79, in error_remapped_callable
    return callable_(*args, **kwargs)
           ^^^^^^^^^^^^^^^^^^^^^^^^^^
  File "C:\Users\ideapad\AppData\Local\Programs\Python\Python312\Lib\site-packages\grpc\_channel.py", line 1157, in __call__
    ) = self._blocking(
        ^^^^^^^^^^^^^^^
  File "C:\Users\ideapad\AppData\Local\Programs\Python\Python312\Lib\site-packages\grpc\_channel.py", line 1141, in _blocking
    event = call.next_event()
            ^^^^^^^^^^^^^^^^^
  File "src\python\grpcio\grpc\_cython\_cygrpc/channel.pyx.pxi", line 366, in grpc._cython.cygrpc.SegregatedCall.next_event
  File "src\python\grpcio\grpc\_cython\_cygrpc/channel.pyx.pxi", line 187, in grpc._cython.cygrpc._next_call_event
  File "src\python\grpcio\grpc\_cython\_cygrpc/channel.pyx.pxi", line 181, in grpc._cython.cygrpc._next_call_event
  File "src\python\grpcio\grpc\_cython\_cygrpc/completion_queue.pyx.pxi", line 78, in grpc._cython.cygrpc._latent_event
  File "src\python\grpcio\grpc\_cython\_cygrpc/completion_queue.pyx.pxi", line 61, in grpc._cython.cygrpc._internal_latent_event
  File "src\python\grpcio\grpc\_cython\_cygrpc/completion_queue.pyx.pxi", line 42, in grpc._cython.cygrpc._next
KeyboardInterrupt



An error occured at 2024-01-03 00:07:09:

function: exec_prompt
args: (<google.generativeai.generative_models.ChatSession object at 0x000001E881187BC0>, "Imagine you're an affiliate marketeer and you do your job through a blog, for a blog post that is comparing between the products ['Adidas', 'Nike'] generate a good conclusion optimized for seo, after finishing your glorious blog post. avoid including all the products names in it. the paragraph should incourage people to choose wisely between the products mentioned, and if they felt that the content have value, then they should consider purchasing through your links", {'site_conclusion': 'paragraph'})
kwargs: {}

Traceback (most recent call last):
  File "C:\Users\ideapad\AppData\Local\Programs\Python\Python312\Lib\site-packages\pam.py", line 478, in wrapper
    value = function(*args, **kwargs)
            ^^^^^^^^^^^^^^^^^^^^^^^^^
  File "D:\Apps\pam_web\ahmed-elbehairy7.github.io\py\ai.py", line 37, in exec_prompt
    response = chat.send_message(
               ^^^^^^^^^^^^^^^^^^
  File "C:\Users\ideapad\AppData\Local\Programs\Python\Python312\Lib\site-packages\pam.py", line 495, in wrapper
    raise e
  File "C:\Users\ideapad\AppData\Local\Programs\Python\Python312\Lib\site-packages\pam.py", line 478, in wrapper
    value = function(*args, **kwargs)
            ^^^^^^^^^^^^^^^^^^^^^^^^^
  File "C:\Users\ideapad\AppData\Local\Programs\Python\Python312\Lib\site-packages\google\generativeai\generative_models.py", line 367, in send_message
    response = self.model.generate_content(
               ^^^^^^^^^^^^^^^^^^^^^^^^^^^^
  File "C:\Users\ideapad\AppData\Local\Programs\Python\Python312\Lib\site-packages\google\generativeai\generative_models.py", line 248, in generate_content
    response = self._client.generate_content(request)
               ^^^^^^^^^^^^^^^^^^^^^^^^^^^^^^^^^^^^^^
  File "C:\Users\ideapad\AppData\Local\Programs\Python\Python312\Lib\site-packages\google\ai\generativelanguage_v1beta\services\generative_service\client.py", line 566, in generate_content
    response = rpc(
               ^^^^
  File "C:\Users\ideapad\AppData\Local\Programs\Python\Python312\Lib\site-packages\google\api_core\gapic_v1\method.py", line 131, in __call__
    return wrapped_func(*args, **kwargs)
           ^^^^^^^^^^^^^^^^^^^^^^^^^^^^^
  File "C:\Users\ideapad\AppData\Local\Programs\Python\Python312\Lib\site-packages\google\api_core\retry.py", line 372, in retry_wrapped_func
    return retry_target(
           ^^^^^^^^^^^^^
  File "C:\Users\ideapad\AppData\Local\Programs\Python\Python312\Lib\site-packages\google\api_core\retry.py", line 207, in retry_target
    result = target()
             ^^^^^^^^
  File "C:\Users\ideapad\AppData\Local\Programs\Python\Python312\Lib\site-packages\google\api_core\timeout.py", line 120, in func_with_timeout
    return func(*args, **kwargs)
           ^^^^^^^^^^^^^^^^^^^^^
  File "C:\Users\ideapad\AppData\Local\Programs\Python\Python312\Lib\site-packages\google\api_core\grpc_helpers.py", line 79, in error_remapped_callable
    return callable_(*args, **kwargs)
           ^^^^^^^^^^^^^^^^^^^^^^^^^^
  File "C:\Users\ideapad\AppData\Local\Programs\Python\Python312\Lib\site-packages\grpc\_channel.py", line 1157, in __call__
    ) = self._blocking(
        ^^^^^^^^^^^^^^^
  File "C:\Users\ideapad\AppData\Local\Programs\Python\Python312\Lib\site-packages\grpc\_channel.py", line 1141, in _blocking
    event = call.next_event()
            ^^^^^^^^^^^^^^^^^
  File "src\python\grpcio\grpc\_cython\_cygrpc/channel.pyx.pxi", line 366, in grpc._cython.cygrpc.SegregatedCall.next_event
  File "src\python\grpcio\grpc\_cython\_cygrpc/channel.pyx.pxi", line 187, in grpc._cython.cygrpc._next_call_event
  File "src\python\grpcio\grpc\_cython\_cygrpc/channel.pyx.pxi", line 181, in grpc._cython.cygrpc._next_call_event
  File "src\python\grpcio\grpc\_cython\_cygrpc/completion_queue.pyx.pxi", line 78, in grpc._cython.cygrpc._latent_event
  File "src\python\grpcio\grpc\_cython\_cygrpc/completion_queue.pyx.pxi", line 61, in grpc._cython.cygrpc._internal_latent_event
  File "src\python\grpcio\grpc\_cython\_cygrpc/completion_queue.pyx.pxi", line 42, in grpc._cython.cygrpc._next
KeyboardInterrupt



At 2024-01-03 00:28:22:

function: send_message
args: (<google.generativeai.generative_models.ChatSession object at 0x0000027D7FA62720>, 'Respond to the following prompt as valid json format that can be loaded with json.load without the word json. you should include strings in double qoutes \'"\'. The returned object should be like:\n{\'site_title\': \'good explaining title for the page\', \'site_description\': \'paragraph\', \'site_keywords\': [\'list element\', \'list element\']}\n\nThe prompt: Imagine you\'re an affiliate marketeer, you have a blog and should make a blog post comparing between: [\'Adidas\', \'Nike\']\nGenerate the following commands and give me every command again with its answer:\n1-Give me a good SEO optimized hook title for the site comparing those products, and include the names of the products if they\'re two or less, Include few products names if they\'re more than two\n2-give me a good seo optimized description for the site\n3-Give me the best practice keywords to include in this site for seo as a python list')
kwargs: {}

Returned value: {'site_title': 'Athletic Showdown: Adidas vs. Nike - Which Brand Reigns Supreme?', 'site_description': 'In the realm of athletic apparel, two titans stand tall: Adidas and Nike. Join us as we delve into a head-to-head comparison, dissecting their designs, technologies, and iconic legacies. Discover who emerges victorious in this battle of the sportswear giants.', 'site_keywords': ['Adidas', 'Nike', 'Athletic Apparel', 'Sportswear', 'Design', 'Technology', 'Legacy']}


At 2024-01-03 00:28:22:

function: exec_prompt
args: (<google.generativeai.generative_models.ChatSession object at 0x0000027D7FA62720>, "Imagine you're an affiliate marketeer, you have a blog and should make a blog post comparing between: ['Adidas', 'Nike']\nGenerate the following commands and give me every command again with its answer:\n1-Give me a good SEO optimized hook title for the site comparing those products, and include the names of the products if they're two or less, Include few products names if they're more than two\n2-give me a good seo optimized description for the site\n3-Give me the best practice keywords to include in this site for seo as a python list", {'site_title': 'good explaining title for the page', 'site_description': 'paragraph', 'site_keywords': ['list element', 'list element']})
kwargs: {}

Returned value: {
    "site_title": "Athletic Showdown: Adidas vs. Nike - Which Brand Reigns Supreme?",
    "site_description": "In the realm of athletic apparel, two titans stand tall: Adidas and Nike. Join us as we delve into a head-to-head comparison, dissecting their designs, technologies, and iconic legacies. Discover who emerges victorious in this battle of the sportswear giants.",
    "site_keywords": [
        "Adidas",
        "Nike",
        "Athletic Apparel",
        "Sportswear",
        "Design",
        "Technology",
        "Legacy"
    ]
}


